****************************************
Report : Averaged Power
	-hierarchy
	-verbose
Design : my_risc
Version: V-2023.12-SP5
Date   : Fri Dec  6 14:40:25 2024
****************************************

Library(s) Used:

    saed90nm_max (File: /apps/designlib/SAED90_EDK/SAED_EDK90nm/Digital_Standard_cell_Library/synopsys/models/saed90nm_max.db)
    saed90nm_io_max_fc (File: /apps/designlib/SAED90_EDK/SAED_EDK90nm_IO/IO_Standard_Cell_Library/synopsys/models/saed90nm_io_max_fc.db)
    SRAM16x128_max (File: /apps/designlib/SAED90_EDK/SAED_EDK90nm/Memories/synopsys/models/SRAM16x128_max.db)


Operating Conditions: WORST   Library: saed90nm_max
Wire Load Model Mode: enclosed

Cell               Design       Wire_model  Library       Selection_type
--------------------------------------------------------------------------------
                   my_risc      1000000     saed90nm_max  automatic-by-area
cb                 control      8000        saed90nm_max  automatic-by-area
cb/r142            control_DW01_inc_0
                                ForQA       saed90nm_max  automatic-by-area
dp                 datapath     35000       saed90nm_max  automatic-by-area
dp/my_reg          regbank      35000       saed90nm_max  automatic-by-area
dp/sign            signExt      ForQA       saed90nm_max  automatic-by-area
dp/alu             myAlu        8000        saed90nm_max  automatic-by-area
dp/alu/add_46      myAlu_DW01_add_0
                                8000        saed90nm_max  automatic-by-area
dp/alu/r78         myAlu_DW01_sub_0
                                8000        saed90nm_max  automatic-by-area

Power-specific unit information :
    Voltage Units = 1 V
    Capacitance Units = 0.001 pf
    Time Units = 1 ns
    Dynamic Power Units = 1 W
    Leakage Power Units = 1 W



                                      Int      Switch   Leak     Total
Hierarchy                             Power    Power    Power    Power    %
----------------------------------------------------------------------------------
my_risc                                  0.409 3.76e-05 1.97e-03    0.411 100.0
  cb (control)                        3.45e-06 1.90e-06 1.09e-05 1.62e-05   0.0
    r142 (control_DW01_inc_0)         7.42e-08 6.72e-08 4.60e-07 6.01e-07   0.0
  dp (datapath)                       1.46e-05 2.56e-05 1.12e-04 1.53e-04   0.0
    my_reg (regbank)                  1.39e-05 2.40e-05 1.02e-04 1.39e-04   0.0
    sign (signExt)                       0.000    0.000    0.000    0.000   N/A
    alu (myAlu)                       6.08e-07 9.37e-07 7.86e-06 9.41e-06   0.0
      add_46 (myAlu_DW01_add_0)       9.01e-08 3.63e-08 1.43e-06 1.55e-06   0.0
      r78 (myAlu_DW01_sub_0)          2.67e-07 2.46e-07 1.74e-06 2.26e-06   0.0
1
